VirtualBox (XP)COM Server 4.1.6 r74713 win.amd64 (Nov  4 2011 12:34:09) release log
00:00:00.140 main     Log opened 2017-10-07T06:42:31.665606900Z
00:00:00.140 main     OS Product: Windows 8
00:00:00.140 main     OS Release: 6.2.9200
00:00:00.140 main     Executable: H:\oraclevirtualbox\VBoxSVC.exe
00:00:00.140 main     Process ID: 11480
00:00:00.140 main     Package type: WINDOWS_64BITS_GENERIC
00:00:00.312          Loading settings file "C:\Users\hp/.VirtualBox\VirtualBox.xml" with version "1.12-windows"
00:00:00.421          usbLibDevStrDrEntryGet: DeviceIoControl 1 fail winEr (31)
00:00:00.421          usbLibDevStrDrEntryGet: DeviceIoControl 1 fail winEr (31)
00:00:01.765          VDInit finished
00:00:01.796          Loading settings file "C:\Users\hp\VirtualBox VMs\edureka_vm\edureka_vm.vbox" with version "1.12-windows"
00:02:47.640          ERROR [COM]: aRC=VBOX_E_INVALID_VM_STATE (0x80bb0002) aIID={5eaa9319-62fc-4b0a-843c-0cb1940f8a91} aComponent={Machine} aText={Machine is not locked for session (session state: Unlocked)}, preserve=false
00:02:48.062          ERROR [COM]: aRC=VBOX_E_IPRT_ERROR (0x80bb0005) aIID={5eaa9319-62fc-4b0a-843c-0cb1940f8a91} aComponent={SessionMachine} aText={Saved screenshot data is not available (VERR_NOT_SUPPORTED)}, preserve=false
01:34:57.078 USBPROXY usbLibDevStrDrEntryGet: DeviceIoControl 1 fail winEr (31)
01:34:57.078 USBPROXY usbLibDevStrDrEntryGet: DeviceIoControl 1 fail winEr (31)
01:35:06.406 USBPROXY usbLibDevStrDrEntryGet: DeviceIoControl 1 fail winEr (31)
01:35:06.406 USBPROXY usbLibDevStrDrEntryGet: DeviceIoControl 1 fail winEr (31)
01:37:18.046          ERROR [COM]: aRC=VBOX_E_INVALID_VM_STATE (0x80bb0002) aIID={5eaa9319-62fc-4b0a-843c-0cb1940f8a91} aComponent={Machine} aText={Machine is not locked for session (session state: Unlocked)}, preserve=false
01:37:18.515          ERROR [COM]: aRC=VBOX_E_IPRT_ERROR (0x80bb0005) aIID={5eaa9319-62fc-4b0a-843c-0cb1940f8a91} aComponent={SessionMachine} aText={Saved screenshot data is not available (VERR_NOT_SUPPORTED)}, preserve=false
01:40:12.218 USBPROXY usbLibDevStrDrEntryGet: DeviceIoControl 1 fail winEr (31)
01:40:12.218 USBPROXY usbLibDevStrDrEntryGet: DeviceIoControl 1 fail winEr (31)
01:44:04.687          ERROR [COM]: aRC=VBOX_E_INVALID_VM_STATE (0x80bb0002) aIID={5eaa9319-62fc-4b0a-843c-0cb1940f8a91} aComponent={Machine} aText={Machine is not locked for session (session state: Unlocked)}, preserve=false
01:44:05.140          ERROR [COM]: aRC=VBOX_E_IPRT_ERROR (0x80bb0005) aIID={5eaa9319-62fc-4b0a-843c-0cb1940f8a91} aComponent={SessionMachine} aText={Saved screenshot data is not available (VERR_NOT_SUPPORTED)}, preserve=false
01:54:44.218          ERROR [COM]: aRC=VBOX_E_INVALID_VM_STATE (0x80bb0002) aIID={5eaa9319-62fc-4b0a-843c-0cb1940f8a91} aComponent={Machine} aText={Machine is not locked for session (session state: Unlocked)}, preserve=false
01:54:44.593          ERROR [COM]: aRC=VBOX_E_IPRT_ERROR (0x80bb0005) aIID={5eaa9319-62fc-4b0a-843c-0cb1940f8a91} aComponent={SessionMachine} aText={Saved screenshot data is not available (VERR_NOT_SUPPORTED)}, preserve=false
02:01:35.000          ERROR [COM]: aRC=VBOX_E_INVALID_VM_STATE (0x80bb0002) aIID={5eaa9319-62fc-4b0a-843c-0cb1940f8a91} aComponent={Machine} aText={Machine is not locked for session (session state: Unlocked)}, preserve=false
02:01:35.359          ERROR [COM]: aRC=VBOX_E_IPRT_ERROR (0x80bb0005) aIID={5eaa9319-62fc-4b0a-843c-0cb1940f8a91} aComponent={SessionMachine} aText={Saved screenshot data is not available (VERR_NOT_SUPPORTED)}, preserve=false
02:01:56.453          ERROR [COM]: aRC=VBOX_E_IPRT_ERROR (0x80bb0005) aIID={53f9cc0c-e0fd-40a5-a404-a7a5272082cd} aComponent={Medium} aText={Could not get the storage format of the medium 'H:\edureka_sparkvm\Edureka-Spark-VM.ova' (VERR_NOT_SUPPORTED)}, preserve=false
02:02:35.812 main     ERROR [COM]: aRC=VBOX_E_OBJECT_IN_USE (0x80bb000c) aIID={53f9cc0c-e0fd-40a5-a404-a7a5272082cd} aComponent={Medium} aText={Medium 'H:\edureka_vm.vdi' cannot be closed because it is still attached to 1 virtual machines}, preserve=false
02:02:35.812 main     ERROR [COM]: aRC=VBOX_E_OBJECT_IN_USE (0x80bb000c) aIID={53f9cc0c-e0fd-40a5-a404-a7a5272082cd} aComponent={Medium} aText={Medium 'C:\Users\hp\VirtualBox VMs\server 2012\server 2012.vdi' cannot be closed because it is still attached to 1 virtual machines}, preserve=false
02:02:35.812 main     ERROR [COM]: aRC=VBOX_E_OBJECT_IN_USE (0x80bb000c) aIID={53f9cc0c-e0fd-40a5-a404-a7a5272082cd} aComponent={Medium} aText={Medium 'C:\Users\hp\VirtualBox VMs\spark_vm\spark_vm.vdi' cannot be closed because it is still attached to 1 virtual machines}, preserve=false
02:02:36.109 Watcher  ERROR [COM]: aRC=E_ACCESSDENIED (0x80070005) aIID={c28be65f-1a8f-43b4-81f1-eb60cb516e66} aComponent={VirtualBox} aText={The object is not ready}, preserve=false
